/*C3*/SET SCHEMA PUBLIC
DROP TABLE IF EXISTS faehrt_bei
DROP TABLE IF EXISTS gewinnt 
DROP TABLE IF EXISTS fahrer 
DROP TABLE IF EXISTS team 
DROP TABLE IF EXISTS rennen 
CREATE TABLE  fahrer (Name VARCHAR(50) NOT NULL,Geburtsjahr Integer ,PRIMARY KEY  (Name)\u0009)
INSERT INTO FAHRER VALUES('Sebastian Vettel',1987)
COMMIT
INSERT INTO FAHRER VALUES('Mark Webber',1976)
COMMIT
INSERT INTO FAHRER VALUES('Jenson Button',1980)
COMMIT
INSERT INTO FAHRER VALUES('Rubens Barrichello',1972)
COMMIT
INSERT INTO FAHRER VALUES('Lewis Hamilton',1985)
COMMIT
INSERT INTO FAHRER VALUES('Kimi Raeikkoenen',1979)
COMMIT
INSERT INTO FAHRER VALUES('Nick Heidfeld',1977)
COMMIT
CREATE TABLE  team (Bezeichnung VARCHAR(50) NOT NULL,PRIMARY KEY  (Bezeichnung)) 
INSERT INTO TEAM VALUES('Red Bull Racing')
COMMIT
INSERT INTO TEAM VALUES('Brawn GP')
COMMIT
INSERT INTO TEAM VALUES('McLaren-Mercedes')
COMMIT
INSERT INTO TEAM VALUES('Ferrari')
COMMIT
INSERT INTO TEAM VALUES('BMW Sauber F1 Team')
COMMIT
CREATE TABLE  faehrt_bei (Name VARCHAR(50) NOT NULL,Bezeichnung VARCHAR(50) NOT NULL,PRIMARY KEY  (Name),FOREIGN KEY (Name) REFERENCES fahrer (Name),FOREIGN KEY (Bezeichnung) REFERENCES  team (Bezeichnung)) 
INSERT INTO FAEHRT_BEI VALUES('Sebastian Vettel','Red Bull Racing')
COMMIT
INSERT INTO FAEHRT_BEI VALUES('Mark Webber','Red Bull Racing')
COMMIT
INSERT INTO FAEHRT_BEI VALUES('Jenson Button','Brawn GP')
COMMIT
INSERT INTO FAEHRT_BEI VALUES('Rubens Barrichello','Brawn GP')
COMMIT
INSERT INTO FAEHRT_BEI VALUES('Lewis Hamilton','McLaren-Mercedes')
COMMIT
INSERT INTO FAEHRT_BEI VALUES('Kimi Raeikkoenen','Ferrari')
COMMIT
INSERT INTO FAEHRT_BEI VALUES('Nick Heidfeld','BMW Sauber F1 Team')
COMMIT
CREATE TABLE  rennen (Ort VARCHAR(50) NOT NULL,Land VARCHAR(50),Datum Date, PRIMARY KEY  (Ort)) 
INSERT INTO RENNEN VALUES('Melbourne','Australien','2009-03-29')
COMMIT
INSERT INTO RENNEN VALUES('Sepang','Malaysia','2009-04-05')
COMMIT
INSERT INTO RENNEN VALUES('Shanghai','China','2009-04-19')
COMMIT
INSERT INTO RENNEN VALUES('Manama','Bahrain','2009-04-26')
COMMIT
INSERT INTO RENNEN VALUES('Barcelona','Spanien','2009-05-10')
COMMIT
INSERT INTO RENNEN VALUES('Monte Carlo','Monaco','2009-05-24')
COMMIT
INSERT INTO RENNEN VALUES('Istanbul','Tuerkei','2009-06-07')
COMMIT
INSERT INTO RENNEN VALUES('Silverstone','Grossbritannien','2009-06-21')
COMMIT
INSERT INTO RENNEN VALUES('Nuerburgring','Deutschland','2009-07-12')
COMMIT
INSERT INTO RENNEN VALUES('Budapest','Ungarn','2009-07-26')
COMMIT
INSERT INTO RENNEN VALUES('Valencia','Spanien','2009-08-23')
COMMIT
INSERT INTO RENNEN VALUES('Spa-Francorchamps','Belgien','2009-08-30')
COMMIT
INSERT INTO RENNEN VALUES('Monza','Italien','2009-09-13')
COMMIT
INSERT INTO RENNEN VALUES('Singapur','Singapur','2009-09-27')
COMMIT
INSERT INTO RENNEN VALUES('Suzuka','Japan','2009-10-04')
COMMIT
INSERT INTO RENNEN VALUES('Sao Paulo','Brasilien','2009-10-18')
COMMIT
INSERT INTO RENNEN VALUES('Abu Dhabi','Abu Dhabi','2009-11-01')
COMMIT
CREATE TABLE  gewinnt ( Name VARCHAR(50) NOT NULL, Ort VARCHAR(50) NOT NULL, PRIMARY KEY  (Name,Ort), FOREIGN KEY (Name) REFERENCES fahrer (Name), FOREIGN KEY (Ort) REFERENCES  rennen (Ort) ) 
INSERT INTO GEWINNT VALUES('Jenson Button','Melbourne')
COMMIT
INSERT INTO GEWINNT VALUES('Jenson Button','Sepang')
COMMIT
INSERT INTO GEWINNT VALUES('Sebastian Vettel','Abu Dhabi')
COMMIT
INSERT INTO GEWINNT VALUES('Jenson Button','Manama')
COMMIT
INSERT INTO GEWINNT VALUES('Jenson Button','Barcelona')
COMMIT
INSERT INTO GEWINNT VALUES('Jenson Button','Monte Carlo')
COMMIT
INSERT INTO GEWINNT VALUES('Jenson Button','Istanbul')
COMMIT
DELETE FROM GEWINNT WHERE NAME='Sebastian Vettel' AND ORT='Abu Dhabi'
INSERT INTO GEWINNT VALUES('Sebastian Vettel','Shanghai')
COMMIT
DISCONNECT
